2024-06-19 08:34:51 [main] INFO  org.hibernate.jpa.internal.util.LogHelper - HHH000204: Processing PersistenceUnitInfo [name: contadorpro]
2024-06-19 08:34:51 [main] INFO  org.hibernate.Version - HHH000412: Hibernate ORM core version 6.3.1.Final
2024-06-19 08:34:51 [main] INFO  org.hibernate.cache.internal.RegionFactoryInitiator - HHH000026: Second-level cache disabled
2024-06-19 08:34:52 [main] WARN  org.hibernate.orm.connections.pooling - HHH10001002: Using built-in connection pool (not intended for production use)
2024-06-19 08:34:52 [main] INFO  org.hibernate.orm.connections.pooling - HHH10001005: Loaded JDBC driver class: com.mysql.cj.jdbc.Driver
2024-06-19 08:34:52 [main] INFO  org.hibernate.orm.connections.pooling - HHH10001012: Connecting with JDBC URL [jdbc:mysql://localhost:3306/colegio_demo]
2024-06-19 08:34:52 [main] INFO  org.hibernate.orm.connections.pooling - HHH10001001: Connection properties: {password=****, user=root}
2024-06-19 08:34:52 [main] INFO  org.hibernate.orm.connections.pooling - HHH10001003: Autocommit mode: false
2024-06-19 08:34:52 [main] INFO  org.hibernate.orm.connections.pooling - HHH10001115: Connection pool size: 20 (min=1)
2024-06-19 08:34:52 [main] WARN  org.hibernate.engine.jdbc.env.internal.JdbcEnvironmentInitiator - HHH000342: Could not obtain connection to query metadata
java.lang.IllegalStateException: Cannot get a connection as the driver manager is not properly initialized
	at org.hibernate.engine.jdbc.connections.internal.DriverManagerConnectionProviderImpl.getConnection(DriverManagerConnectionProviderImpl.java:258) ~[hibernate-core-6.3.1.Final.jar:6.3.1.Final]
	at org.hibernate.engine.jdbc.env.internal.JdbcEnvironmentInitiator$ConnectionProviderJdbcConnectionAccess.obtainConnection(JdbcEnvironmentInitiator.java:424) ~[hibernate-core-6.3.1.Final.jar:6.3.1.Final]
	at org.hibernate.resource.transaction.backend.jdbc.internal.JdbcIsolationDelegate.delegateWork(JdbcIsolationDelegate.java:61) ~[hibernate-core-6.3.1.Final.jar:6.3.1.Final]
	at org.hibernate.engine.jdbc.env.internal.JdbcEnvironmentInitiator.getJdbcEnvironmentUsingJdbcMetadata(JdbcEnvironmentInitiator.java:273) [hibernate-core-6.3.1.Final.jar:6.3.1.Final]
	at org.hibernate.engine.jdbc.env.internal.JdbcEnvironmentInitiator.initiateService(JdbcEnvironmentInitiator.java:105) [hibernate-core-6.3.1.Final.jar:6.3.1.Final]
	at org.hibernate.engine.jdbc.env.internal.JdbcEnvironmentInitiator.initiateService(JdbcEnvironmentInitiator.java:66) [hibernate-core-6.3.1.Final.jar:6.3.1.Final]
	at org.hibernate.boot.registry.internal.StandardServiceRegistryImpl.initiateService(StandardServiceRegistryImpl.java:129) [hibernate-core-6.3.1.Final.jar:6.3.1.Final]
	at org.hibernate.service.internal.AbstractServiceRegistryImpl.createService(AbstractServiceRegistryImpl.java:263) [hibernate-core-6.3.1.Final.jar:6.3.1.Final]
	at org.hibernate.service.internal.AbstractServiceRegistryImpl.initializeService(AbstractServiceRegistryImpl.java:238) [hibernate-core-6.3.1.Final.jar:6.3.1.Final]
	at org.hibernate.service.internal.AbstractServiceRegistryImpl.getService(AbstractServiceRegistryImpl.java:215) [hibernate-core-6.3.1.Final.jar:6.3.1.Final]
	at org.hibernate.engine.jdbc.internal.JdbcServicesImpl.configure(JdbcServicesImpl.java:52) [hibernate-core-6.3.1.Final.jar:6.3.1.Final]
	at org.hibernate.boot.registry.internal.StandardServiceRegistryImpl.configureService(StandardServiceRegistryImpl.java:135) [hibernate-core-6.3.1.Final.jar:6.3.1.Final]
	at org.hibernate.service.internal.AbstractServiceRegistryImpl.initializeService(AbstractServiceRegistryImpl.java:247) [hibernate-core-6.3.1.Final.jar:6.3.1.Final]
	at org.hibernate.service.internal.AbstractServiceRegistryImpl.getService(AbstractServiceRegistryImpl.java:215) [hibernate-core-6.3.1.Final.jar:6.3.1.Final]
	at org.hibernate.engine.jdbc.connections.internal.BasicConnectionCreator.convertSqlException(BasicConnectionCreator.java:132) [hibernate-core-6.3.1.Final.jar:6.3.1.Final]
	at org.hibernate.engine.jdbc.connections.internal.DriverConnectionCreator.makeConnection(DriverConnectionCreator.java:43) [hibernate-core-6.3.1.Final.jar:6.3.1.Final]
	at org.hibernate.engine.jdbc.connections.internal.BasicConnectionCreator.createConnection(BasicConnectionCreator.java:61) [hibernate-core-6.3.1.Final.jar:6.3.1.Final]
	at org.hibernate.engine.jdbc.connections.internal.DriverManagerConnectionProviderImpl$PooledConnections.addConnections(DriverManagerConnectionProviderImpl.java:494) [hibernate-core-6.3.1.Final.jar:6.3.1.Final]
	at org.hibernate.engine.jdbc.connections.internal.DriverManagerConnectionProviderImpl$PooledConnections.<init>(DriverManagerConnectionProviderImpl.java:367) [hibernate-core-6.3.1.Final.jar:6.3.1.Final]
	at org.hibernate.engine.jdbc.connections.internal.DriverManagerConnectionProviderImpl$PooledConnections$Builder.build(DriverManagerConnectionProviderImpl.java:545) [hibernate-core-6.3.1.Final.jar:6.3.1.Final]
	at org.hibernate.engine.jdbc.connections.internal.DriverManagerConnectionProviderImpl.buildPool(DriverManagerConnectionProviderImpl.java:101) [hibernate-core-6.3.1.Final.jar:6.3.1.Final]
	at org.hibernate.engine.jdbc.connections.internal.DriverManagerConnectionProviderImpl.configure(DriverManagerConnectionProviderImpl.java:81) [hibernate-core-6.3.1.Final.jar:6.3.1.Final]
	at org.hibernate.boot.registry.internal.StandardServiceRegistryImpl.configureService(StandardServiceRegistryImpl.java:135) [hibernate-core-6.3.1.Final.jar:6.3.1.Final]
	at org.hibernate.service.internal.AbstractServiceRegistryImpl.initializeService(AbstractServiceRegistryImpl.java:247) [hibernate-core-6.3.1.Final.jar:6.3.1.Final]
	at org.hibernate.service.internal.AbstractServiceRegistryImpl.getService(AbstractServiceRegistryImpl.java:215) [hibernate-core-6.3.1.Final.jar:6.3.1.Final]
	at org.hibernate.engine.jdbc.env.internal.JdbcEnvironmentInitiator.buildJdbcConnectionAccess(JdbcEnvironmentInitiator.java:391) [hibernate-core-6.3.1.Final.jar:6.3.1.Final]
	at org.hibernate.engine.jdbc.env.internal.JdbcEnvironmentInitiator.getJdbcEnvironmentUsingJdbcMetadata(JdbcEnvironmentInitiator.java:259) [hibernate-core-6.3.1.Final.jar:6.3.1.Final]
	at org.hibernate.engine.jdbc.env.internal.JdbcEnvironmentInitiator.initiateService(JdbcEnvironmentInitiator.java:105) [hibernate-core-6.3.1.Final.jar:6.3.1.Final]
	at org.hibernate.engine.jdbc.env.internal.JdbcEnvironmentInitiator.initiateService(JdbcEnvironmentInitiator.java:66) [hibernate-core-6.3.1.Final.jar:6.3.1.Final]
	at org.hibernate.boot.registry.internal.StandardServiceRegistryImpl.initiateService(StandardServiceRegistryImpl.java:129) [hibernate-core-6.3.1.Final.jar:6.3.1.Final]
	at org.hibernate.service.internal.AbstractServiceRegistryImpl.createService(AbstractServiceRegistryImpl.java:263) [hibernate-core-6.3.1.Final.jar:6.3.1.Final]
	at org.hibernate.service.internal.AbstractServiceRegistryImpl.initializeService(AbstractServiceRegistryImpl.java:238) [hibernate-core-6.3.1.Final.jar:6.3.1.Final]
	at org.hibernate.service.internal.AbstractServiceRegistryImpl.getService(AbstractServiceRegistryImpl.java:215) [hibernate-core-6.3.1.Final.jar:6.3.1.Final]
	at org.hibernate.boot.model.relational.Database.<init>(Database.java:45) [hibernate-core-6.3.1.Final.jar:6.3.1.Final]
	at org.hibernate.boot.internal.InFlightMetadataCollectorImpl.getDatabase(InFlightMetadataCollectorImpl.java:223) [hibernate-core-6.3.1.Final.jar:6.3.1.Final]
	at org.hibernate.boot.internal.InFlightMetadataCollectorImpl.<init>(InFlightMetadataCollectorImpl.java:191) [hibernate-core-6.3.1.Final.jar:6.3.1.Final]
	at org.hibernate.boot.model.process.spi.MetadataBuildingProcess.complete(MetadataBuildingProcess.java:169) [hibernate-core-6.3.1.Final.jar:6.3.1.Final]
	at org.hibernate.jpa.boot.internal.EntityManagerFactoryBuilderImpl.metadata(EntityManagerFactoryBuilderImpl.java:1432) [hibernate-core-6.3.1.Final.jar:6.3.1.Final]
	at org.hibernate.jpa.boot.internal.EntityManagerFactoryBuilderImpl.build(EntityManagerFactoryBuilderImpl.java:1503) [hibernate-core-6.3.1.Final.jar:6.3.1.Final]
	at org.hibernate.jpa.HibernatePersistenceProvider.createEntityManagerFactory(HibernatePersistenceProvider.java:55) [hibernate-core-6.3.1.Final.jar:6.3.1.Final]
	at jakarta.persistence.Persistence.createEntityManagerFactory(Persistence.java:80) [jakarta.persistence-api-3.1.0.jar:3.1.0]
	at jakarta.persistence.Persistence.createEntityManagerFactory(Persistence.java:55) [jakarta.persistence-api-3.1.0.jar:3.1.0]
	at com.colibri.dao.GenericDAO.<init>(GenericDAO.java:22) [classes/:?]
	at com.colibri.dao.ClienteDAO.<init>(ClienteDAO.java:16) [classes/:?]
	at com.colibri.test.Test.pruebaMostrar(Test.java:22) [classes/:?]
	at com.colibri.test.Test.main(Test.java:17) [classes/:?]
2024-06-19 08:34:52 [main] WARN  org.hibernate.orm.deprecation - HHH90000025: MySQLDialect does not need to be specified explicitly using 'hibernate.dialect' (remove the property setting and it will be selected by default)
2024-06-19 08:34:52 [main] WARN  org.hibernate.engine.jdbc.spi.SqlExceptionHelper - SQL Error: 0, SQLState: 08S01
2024-06-19 08:34:52 [main] ERROR org.hibernate.engine.jdbc.spi.SqlExceptionHelper - Communications link failure

The last packet sent successfully to the server was 0 milliseconds ago. The driver has not received any packets from the server.
2024-06-19 08:43:00 [main] INFO  org.hibernate.jpa.internal.util.LogHelper - HHH000204: Processing PersistenceUnitInfo [name: contadorpro]
2024-06-19 08:43:00 [main] INFO  org.hibernate.Version - HHH000412: Hibernate ORM core version 6.3.1.Final
2024-06-19 08:43:00 [main] INFO  org.hibernate.cache.internal.RegionFactoryInitiator - HHH000026: Second-level cache disabled
2024-06-19 08:43:01 [main] WARN  org.hibernate.orm.connections.pooling - HHH10001002: Using built-in connection pool (not intended for production use)
2024-06-19 08:43:01 [main] INFO  org.hibernate.orm.connections.pooling - HHH10001005: Loaded JDBC driver class: com.mysql.cj.jdbc.Driver
2024-06-19 08:43:01 [main] INFO  org.hibernate.orm.connections.pooling - HHH10001012: Connecting with JDBC URL [jdbc:mysql://localhost:3306/colegio_demo]
2024-06-19 08:43:01 [main] INFO  org.hibernate.orm.connections.pooling - HHH10001001: Connection properties: {password=****, user=root}
2024-06-19 08:43:01 [main] INFO  org.hibernate.orm.connections.pooling - HHH10001003: Autocommit mode: false
2024-06-19 08:43:01 [main] INFO  org.hibernate.orm.connections.pooling - HHH10001115: Connection pool size: 20 (min=1)
2024-06-19 08:43:01 [main] WARN  org.hibernate.engine.jdbc.env.internal.JdbcEnvironmentInitiator - HHH000342: Could not obtain connection to query metadata
java.lang.IllegalStateException: Cannot get a connection as the driver manager is not properly initialized
	at org.hibernate.engine.jdbc.connections.internal.DriverManagerConnectionProviderImpl.getConnection(DriverManagerConnectionProviderImpl.java:258) ~[hibernate-core-6.3.1.Final.jar:6.3.1.Final]
	at org.hibernate.engine.jdbc.env.internal.JdbcEnvironmentInitiator$ConnectionProviderJdbcConnectionAccess.obtainConnection(JdbcEnvironmentInitiator.java:424) ~[hibernate-core-6.3.1.Final.jar:6.3.1.Final]
	at org.hibernate.resource.transaction.backend.jdbc.internal.JdbcIsolationDelegate.delegateWork(JdbcIsolationDelegate.java:61) ~[hibernate-core-6.3.1.Final.jar:6.3.1.Final]
	at org.hibernate.engine.jdbc.env.internal.JdbcEnvironmentInitiator.getJdbcEnvironmentUsingJdbcMetadata(JdbcEnvironmentInitiator.java:273) [hibernate-core-6.3.1.Final.jar:6.3.1.Final]
	at org.hibernate.engine.jdbc.env.internal.JdbcEnvironmentInitiator.initiateService(JdbcEnvironmentInitiator.java:105) [hibernate-core-6.3.1.Final.jar:6.3.1.Final]
	at org.hibernate.engine.jdbc.env.internal.JdbcEnvironmentInitiator.initiateService(JdbcEnvironmentInitiator.java:66) [hibernate-core-6.3.1.Final.jar:6.3.1.Final]
	at org.hibernate.boot.registry.internal.StandardServiceRegistryImpl.initiateService(StandardServiceRegistryImpl.java:129) [hibernate-core-6.3.1.Final.jar:6.3.1.Final]
	at org.hibernate.service.internal.AbstractServiceRegistryImpl.createService(AbstractServiceRegistryImpl.java:263) [hibernate-core-6.3.1.Final.jar:6.3.1.Final]
	at org.hibernate.service.internal.AbstractServiceRegistryImpl.initializeService(AbstractServiceRegistryImpl.java:238) [hibernate-core-6.3.1.Final.jar:6.3.1.Final]
	at org.hibernate.service.internal.AbstractServiceRegistryImpl.getService(AbstractServiceRegistryImpl.java:215) [hibernate-core-6.3.1.Final.jar:6.3.1.Final]
	at org.hibernate.engine.jdbc.internal.JdbcServicesImpl.configure(JdbcServicesImpl.java:52) [hibernate-core-6.3.1.Final.jar:6.3.1.Final]
	at org.hibernate.boot.registry.internal.StandardServiceRegistryImpl.configureService(StandardServiceRegistryImpl.java:135) [hibernate-core-6.3.1.Final.jar:6.3.1.Final]
	at org.hibernate.service.internal.AbstractServiceRegistryImpl.initializeService(AbstractServiceRegistryImpl.java:247) [hibernate-core-6.3.1.Final.jar:6.3.1.Final]
	at org.hibernate.service.internal.AbstractServiceRegistryImpl.getService(AbstractServiceRegistryImpl.java:215) [hibernate-core-6.3.1.Final.jar:6.3.1.Final]
	at org.hibernate.engine.jdbc.connections.internal.BasicConnectionCreator.convertSqlException(BasicConnectionCreator.java:132) [hibernate-core-6.3.1.Final.jar:6.3.1.Final]
	at org.hibernate.engine.jdbc.connections.internal.DriverConnectionCreator.makeConnection(DriverConnectionCreator.java:43) [hibernate-core-6.3.1.Final.jar:6.3.1.Final]
	at org.hibernate.engine.jdbc.connections.internal.BasicConnectionCreator.createConnection(BasicConnectionCreator.java:61) [hibernate-core-6.3.1.Final.jar:6.3.1.Final]
	at org.hibernate.engine.jdbc.connections.internal.DriverManagerConnectionProviderImpl$PooledConnections.addConnections(DriverManagerConnectionProviderImpl.java:494) [hibernate-core-6.3.1.Final.jar:6.3.1.Final]
	at org.hibernate.engine.jdbc.connections.internal.DriverManagerConnectionProviderImpl$PooledConnections.<init>(DriverManagerConnectionProviderImpl.java:367) [hibernate-core-6.3.1.Final.jar:6.3.1.Final]
	at org.hibernate.engine.jdbc.connections.internal.DriverManagerConnectionProviderImpl$PooledConnections$Builder.build(DriverManagerConnectionProviderImpl.java:545) [hibernate-core-6.3.1.Final.jar:6.3.1.Final]
	at org.hibernate.engine.jdbc.connections.internal.DriverManagerConnectionProviderImpl.buildPool(DriverManagerConnectionProviderImpl.java:101) [hibernate-core-6.3.1.Final.jar:6.3.1.Final]
	at org.hibernate.engine.jdbc.connections.internal.DriverManagerConnectionProviderImpl.configure(DriverManagerConnectionProviderImpl.java:81) [hibernate-core-6.3.1.Final.jar:6.3.1.Final]
	at org.hibernate.boot.registry.internal.StandardServiceRegistryImpl.configureService(StandardServiceRegistryImpl.java:135) [hibernate-core-6.3.1.Final.jar:6.3.1.Final]
	at org.hibernate.service.internal.AbstractServiceRegistryImpl.initializeService(AbstractServiceRegistryImpl.java:247) [hibernate-core-6.3.1.Final.jar:6.3.1.Final]
	at org.hibernate.service.internal.AbstractServiceRegistryImpl.getService(AbstractServiceRegistryImpl.java:215) [hibernate-core-6.3.1.Final.jar:6.3.1.Final]
	at org.hibernate.engine.jdbc.env.internal.JdbcEnvironmentInitiator.buildJdbcConnectionAccess(JdbcEnvironmentInitiator.java:391) [hibernate-core-6.3.1.Final.jar:6.3.1.Final]
	at org.hibernate.engine.jdbc.env.internal.JdbcEnvironmentInitiator.getJdbcEnvironmentUsingJdbcMetadata(JdbcEnvironmentInitiator.java:259) [hibernate-core-6.3.1.Final.jar:6.3.1.Final]
	at org.hibernate.engine.jdbc.env.internal.JdbcEnvironmentInitiator.initiateService(JdbcEnvironmentInitiator.java:105) [hibernate-core-6.3.1.Final.jar:6.3.1.Final]
	at org.hibernate.engine.jdbc.env.internal.JdbcEnvironmentInitiator.initiateService(JdbcEnvironmentInitiator.java:66) [hibernate-core-6.3.1.Final.jar:6.3.1.Final]
	at org.hibernate.boot.registry.internal.StandardServiceRegistryImpl.initiateService(StandardServiceRegistryImpl.java:129) [hibernate-core-6.3.1.Final.jar:6.3.1.Final]
	at org.hibernate.service.internal.AbstractServiceRegistryImpl.createService(AbstractServiceRegistryImpl.java:263) [hibernate-core-6.3.1.Final.jar:6.3.1.Final]
	at org.hibernate.service.internal.AbstractServiceRegistryImpl.initializeService(AbstractServiceRegistryImpl.java:238) [hibernate-core-6.3.1.Final.jar:6.3.1.Final]
	at org.hibernate.service.internal.AbstractServiceRegistryImpl.getService(AbstractServiceRegistryImpl.java:215) [hibernate-core-6.3.1.Final.jar:6.3.1.Final]
	at org.hibernate.boot.model.relational.Database.<init>(Database.java:45) [hibernate-core-6.3.1.Final.jar:6.3.1.Final]
	at org.hibernate.boot.internal.InFlightMetadataCollectorImpl.getDatabase(InFlightMetadataCollectorImpl.java:223) [hibernate-core-6.3.1.Final.jar:6.3.1.Final]
	at org.hibernate.boot.internal.InFlightMetadataCollectorImpl.<init>(InFlightMetadataCollectorImpl.java:191) [hibernate-core-6.3.1.Final.jar:6.3.1.Final]
	at org.hibernate.boot.model.process.spi.MetadataBuildingProcess.complete(MetadataBuildingProcess.java:169) [hibernate-core-6.3.1.Final.jar:6.3.1.Final]
	at org.hibernate.jpa.boot.internal.EntityManagerFactoryBuilderImpl.metadata(EntityManagerFactoryBuilderImpl.java:1432) [hibernate-core-6.3.1.Final.jar:6.3.1.Final]
	at org.hibernate.jpa.boot.internal.EntityManagerFactoryBuilderImpl.build(EntityManagerFactoryBuilderImpl.java:1503) [hibernate-core-6.3.1.Final.jar:6.3.1.Final]
	at org.hibernate.jpa.HibernatePersistenceProvider.createEntityManagerFactory(HibernatePersistenceProvider.java:55) [hibernate-core-6.3.1.Final.jar:6.3.1.Final]
	at jakarta.persistence.Persistence.createEntityManagerFactory(Persistence.java:80) [jakarta.persistence-api-3.1.0.jar:3.1.0]
	at jakarta.persistence.Persistence.createEntityManagerFactory(Persistence.java:55) [jakarta.persistence-api-3.1.0.jar:3.1.0]
	at com.colibri.dao.GenericDAO.<init>(GenericDAO.java:22) [classes/:?]
	at com.colibri.dao.ClienteDAO.<init>(ClienteDAO.java:16) [classes/:?]
	at com.colibri.test.Test.pruebaMostrar(Test.java:22) [classes/:?]
	at com.colibri.test.Test.main(Test.java:17) [classes/:?]
2024-06-19 08:43:01 [main] WARN  org.hibernate.orm.deprecation - HHH90000025: MySQLDialect does not need to be specified explicitly using 'hibernate.dialect' (remove the property setting and it will be selected by default)
2024-06-19 08:43:01 [main] WARN  org.hibernate.engine.jdbc.spi.SqlExceptionHelper - SQL Error: 1049, SQLState: 42000
2024-06-19 08:43:01 [main] ERROR org.hibernate.engine.jdbc.spi.SqlExceptionHelper - Unknown database 'colegio_demo'
2024-06-19 08:56:11 [main] INFO  org.hibernate.jpa.internal.util.LogHelper - HHH000204: Processing PersistenceUnitInfo [name: contadorpro]
2024-06-19 08:56:11 [main] INFO  org.hibernate.Version - HHH000412: Hibernate ORM core version 6.3.1.Final
2024-06-19 08:56:11 [main] INFO  org.hibernate.cache.internal.RegionFactoryInitiator - HHH000026: Second-level cache disabled
2024-06-19 08:56:11 [main] WARN  org.hibernate.orm.connections.pooling - HHH10001002: Using built-in connection pool (not intended for production use)
2024-06-19 08:56:11 [main] INFO  org.hibernate.orm.connections.pooling - HHH10001005: Loaded JDBC driver class: com.mysql.cj.jdbc.Driver
2024-06-19 08:56:11 [main] INFO  org.hibernate.orm.connections.pooling - HHH10001012: Connecting with JDBC URL [jdbc:mysql://localhost:3306/contadorpro]
2024-06-19 08:56:11 [main] INFO  org.hibernate.orm.connections.pooling - HHH10001001: Connection properties: {password=****, user=root}
2024-06-19 08:56:11 [main] INFO  org.hibernate.orm.connections.pooling - HHH10001003: Autocommit mode: false
2024-06-19 08:56:11 [main] INFO  org.hibernate.orm.connections.pooling - HHH10001115: Connection pool size: 20 (min=1)
2024-06-19 08:56:11 [main] WARN  org.hibernate.dialect.Dialect - HHH000511: The 5.5.0 version for [org.hibernate.dialect.MySQLDialect] is no longer supported, hence certain features may not work properly. The minimum supported version is 5.7.0. Check the community dialects project for available legacy versions.
2024-06-19 08:56:11 [main] WARN  org.hibernate.orm.deprecation - HHH90000025: MySQLDialect does not need to be specified explicitly using 'hibernate.dialect' (remove the property setting and it will be selected by default)
2024-06-19 08:56:12 [main] INFO  org.hibernate.orm.connections.pooling - HHH10001008: Cleaning up connection pool [jdbc:mysql://localhost:3306/contadorpro]
2024-06-19 09:16:52 [main] INFO  org.hibernate.jpa.internal.util.LogHelper - HHH000204: Processing PersistenceUnitInfo [name: contadorpro]
2024-06-19 09:16:52 [main] INFO  org.hibernate.Version - HHH000412: Hibernate ORM core version 6.3.1.Final
2024-06-19 09:16:52 [main] INFO  org.hibernate.cache.internal.RegionFactoryInitiator - HHH000026: Second-level cache disabled
2024-06-19 09:16:52 [main] WARN  org.hibernate.orm.connections.pooling - HHH10001002: Using built-in connection pool (not intended for production use)
2024-06-19 09:16:52 [main] INFO  org.hibernate.orm.connections.pooling - HHH10001005: Loaded JDBC driver class: com.mysql.cj.jdbc.Driver
2024-06-19 09:16:52 [main] INFO  org.hibernate.orm.connections.pooling - HHH10001012: Connecting with JDBC URL [jdbc:mysql://localhost:3306/contadorpro]
2024-06-19 09:16:52 [main] INFO  org.hibernate.orm.connections.pooling - HHH10001001: Connection properties: {password=****, user=root}
2024-06-19 09:16:52 [main] INFO  org.hibernate.orm.connections.pooling - HHH10001003: Autocommit mode: false
2024-06-19 09:16:52 [main] INFO  org.hibernate.orm.connections.pooling - HHH10001115: Connection pool size: 20 (min=1)
2024-06-19 09:16:53 [main] WARN  org.hibernate.dialect.Dialect - HHH000511: The 5.5.0 version for [org.hibernate.dialect.MySQLDialect] is no longer supported, hence certain features may not work properly. The minimum supported version is 5.7.0. Check the community dialects project for available legacy versions.
2024-06-19 09:16:53 [main] WARN  org.hibernate.orm.deprecation - HHH90000025: MySQLDialect does not need to be specified explicitly using 'hibernate.dialect' (remove the property setting and it will be selected by default)
2024-06-19 09:16:53 [main] INFO  org.hibernate.orm.connections.pooling - HHH10001008: Cleaning up connection pool [jdbc:mysql://localhost:3306/contadorpro]
2024-06-19 09:21:12 [main] INFO  org.hibernate.jpa.internal.util.LogHelper - HHH000204: Processing PersistenceUnitInfo [name: contadorpro]
2024-06-19 09:21:12 [main] INFO  org.hibernate.Version - HHH000412: Hibernate ORM core version 6.3.1.Final
2024-06-19 09:21:12 [main] INFO  org.hibernate.cache.internal.RegionFactoryInitiator - HHH000026: Second-level cache disabled
2024-06-19 09:21:12 [main] WARN  org.hibernate.orm.connections.pooling - HHH10001002: Using built-in connection pool (not intended for production use)
2024-06-19 09:21:12 [main] INFO  org.hibernate.orm.connections.pooling - HHH10001005: Loaded JDBC driver class: com.mysql.cj.jdbc.Driver
2024-06-19 09:21:12 [main] INFO  org.hibernate.orm.connections.pooling - HHH10001012: Connecting with JDBC URL [jdbc:mysql://localhost:3306/contadorpro]
2024-06-19 09:21:12 [main] INFO  org.hibernate.orm.connections.pooling - HHH10001001: Connection properties: {password=****, user=root}
2024-06-19 09:21:12 [main] INFO  org.hibernate.orm.connections.pooling - HHH10001003: Autocommit mode: false
2024-06-19 09:21:12 [main] INFO  org.hibernate.orm.connections.pooling - HHH10001115: Connection pool size: 20 (min=1)
2024-06-19 09:21:12 [main] WARN  org.hibernate.dialect.Dialect - HHH000511: The 5.5.0 version for [org.hibernate.dialect.MySQLDialect] is no longer supported, hence certain features may not work properly. The minimum supported version is 5.7.0. Check the community dialects project for available legacy versions.
2024-06-19 09:21:12 [main] WARN  org.hibernate.orm.deprecation - HHH90000025: MySQLDialect does not need to be specified explicitly using 'hibernate.dialect' (remove the property setting and it will be selected by default)
2024-06-19 09:21:13 [main] INFO  org.hibernate.orm.connections.pooling - HHH10001008: Cleaning up connection pool [jdbc:mysql://localhost:3306/contadorpro]
2024-06-19 09:22:55 [main] INFO  org.hibernate.jpa.internal.util.LogHelper - HHH000204: Processing PersistenceUnitInfo [name: contadorpro]
2024-06-19 09:22:55 [main] INFO  org.hibernate.Version - HHH000412: Hibernate ORM core version 6.3.1.Final
2024-06-19 09:22:55 [main] INFO  org.hibernate.cache.internal.RegionFactoryInitiator - HHH000026: Second-level cache disabled
2024-06-19 09:22:55 [main] WARN  org.hibernate.orm.connections.pooling - HHH10001002: Using built-in connection pool (not intended for production use)
2024-06-19 09:22:55 [main] INFO  org.hibernate.orm.connections.pooling - HHH10001005: Loaded JDBC driver class: com.mysql.cj.jdbc.Driver
2024-06-19 09:22:55 [main] INFO  org.hibernate.orm.connections.pooling - HHH10001012: Connecting with JDBC URL [jdbc:mysql://localhost:3306/contadorpro]
2024-06-19 09:22:55 [main] INFO  org.hibernate.orm.connections.pooling - HHH10001001: Connection properties: {password=****, user=root}
2024-06-19 09:22:55 [main] INFO  org.hibernate.orm.connections.pooling - HHH10001003: Autocommit mode: false
2024-06-19 09:22:55 [main] INFO  org.hibernate.orm.connections.pooling - HHH10001115: Connection pool size: 20 (min=1)
2024-06-19 09:22:56 [main] WARN  org.hibernate.dialect.Dialect - HHH000511: The 5.5.0 version for [org.hibernate.dialect.MySQLDialect] is no longer supported, hence certain features may not work properly. The minimum supported version is 5.7.0. Check the community dialects project for available legacy versions.
2024-06-19 09:22:56 [main] WARN  org.hibernate.orm.deprecation - HHH90000025: MySQLDialect does not need to be specified explicitly using 'hibernate.dialect' (remove the property setting and it will be selected by default)
2024-06-19 09:22:56 [main] INFO  org.hibernate.orm.connections.pooling - HHH10001008: Cleaning up connection pool [jdbc:mysql://localhost:3306/contadorpro]
2024-06-19 09:29:27 [main] INFO  org.hibernate.jpa.internal.util.LogHelper - HHH000204: Processing PersistenceUnitInfo [name: contadorpro]
2024-06-19 09:29:27 [main] INFO  org.hibernate.Version - HHH000412: Hibernate ORM core version 6.3.1.Final
2024-06-19 09:29:27 [main] INFO  org.hibernate.cache.internal.RegionFactoryInitiator - HHH000026: Second-level cache disabled
2024-06-19 09:29:28 [main] WARN  org.hibernate.orm.connections.pooling - HHH10001002: Using built-in connection pool (not intended for production use)
2024-06-19 09:29:28 [main] INFO  org.hibernate.orm.connections.pooling - HHH10001005: Loaded JDBC driver class: com.mysql.cj.jdbc.Driver
2024-06-19 09:29:28 [main] INFO  org.hibernate.orm.connections.pooling - HHH10001012: Connecting with JDBC URL [jdbc:mysql://localhost:3306/contadorpro]
2024-06-19 09:29:28 [main] INFO  org.hibernate.orm.connections.pooling - HHH10001001: Connection properties: {password=****, user=root}
2024-06-19 09:29:28 [main] INFO  org.hibernate.orm.connections.pooling - HHH10001003: Autocommit mode: false
2024-06-19 09:29:28 [main] INFO  org.hibernate.orm.connections.pooling - HHH10001115: Connection pool size: 20 (min=1)
2024-06-19 09:29:28 [main] WARN  org.hibernate.dialect.Dialect - HHH000511: The 5.5.0 version for [org.hibernate.dialect.MySQLDialect] is no longer supported, hence certain features may not work properly. The minimum supported version is 5.7.0. Check the community dialects project for available legacy versions.
2024-06-19 09:29:28 [main] WARN  org.hibernate.orm.deprecation - HHH90000025: MySQLDialect does not need to be specified explicitly using 'hibernate.dialect' (remove the property setting and it will be selected by default)
2024-06-19 09:29:28 [main] INFO  org.hibernate.orm.connections.pooling - HHH10001008: Cleaning up connection pool [jdbc:mysql://localhost:3306/contadorpro]
2024-06-19 09:40:14 [main] INFO  org.hibernate.jpa.internal.util.LogHelper - HHH000204: Processing PersistenceUnitInfo [name: contadorpro]
2024-06-19 09:40:14 [main] INFO  org.hibernate.Version - HHH000412: Hibernate ORM core version 6.3.1.Final
2024-06-19 09:40:14 [main] INFO  org.hibernate.cache.internal.RegionFactoryInitiator - HHH000026: Second-level cache disabled
2024-06-19 09:40:15 [main] WARN  org.hibernate.orm.connections.pooling - HHH10001002: Using built-in connection pool (not intended for production use)
2024-06-19 09:40:15 [main] INFO  org.hibernate.orm.connections.pooling - HHH10001005: Loaded JDBC driver class: com.mysql.cj.jdbc.Driver
2024-06-19 09:40:15 [main] INFO  org.hibernate.orm.connections.pooling - HHH10001012: Connecting with JDBC URL [jdbc:mysql://localhost:3306/contadorpro]
2024-06-19 09:40:15 [main] INFO  org.hibernate.orm.connections.pooling - HHH10001001: Connection properties: {password=****, user=root}
2024-06-19 09:40:15 [main] INFO  org.hibernate.orm.connections.pooling - HHH10001003: Autocommit mode: false
2024-06-19 09:40:15 [main] INFO  org.hibernate.orm.connections.pooling - HHH10001115: Connection pool size: 20 (min=1)
2024-06-19 09:40:15 [main] WARN  org.hibernate.dialect.Dialect - HHH000511: The 5.5.0 version for [org.hibernate.dialect.MySQLDialect] is no longer supported, hence certain features may not work properly. The minimum supported version is 5.7.0. Check the community dialects project for available legacy versions.
2024-06-19 09:40:15 [main] WARN  org.hibernate.orm.deprecation - HHH90000025: MySQLDialect does not need to be specified explicitly using 'hibernate.dialect' (remove the property setting and it will be selected by default)
2024-06-19 09:40:15 [main] INFO  org.hibernate.orm.connections.pooling - HHH10001008: Cleaning up connection pool [jdbc:mysql://localhost:3306/contadorpro]
2024-06-19 09:42:34 [main] INFO  org.hibernate.jpa.internal.util.LogHelper - HHH000204: Processing PersistenceUnitInfo [name: contadorpro]
2024-06-19 09:42:34 [main] INFO  org.hibernate.Version - HHH000412: Hibernate ORM core version 6.3.1.Final
2024-06-19 09:42:34 [main] INFO  org.hibernate.cache.internal.RegionFactoryInitiator - HHH000026: Second-level cache disabled
2024-06-19 09:42:34 [main] WARN  org.hibernate.orm.connections.pooling - HHH10001002: Using built-in connection pool (not intended for production use)
2024-06-19 09:42:34 [main] INFO  org.hibernate.orm.connections.pooling - HHH10001005: Loaded JDBC driver class: com.mysql.cj.jdbc.Driver
2024-06-19 09:42:34 [main] INFO  org.hibernate.orm.connections.pooling - HHH10001012: Connecting with JDBC URL [jdbc:mysql://localhost:3306/contadorpro]
2024-06-19 09:42:34 [main] INFO  org.hibernate.orm.connections.pooling - HHH10001001: Connection properties: {password=****, user=root}
2024-06-19 09:42:34 [main] INFO  org.hibernate.orm.connections.pooling - HHH10001003: Autocommit mode: false
2024-06-19 09:42:34 [main] INFO  org.hibernate.orm.connections.pooling - HHH10001115: Connection pool size: 20 (min=1)
2024-06-19 09:42:35 [main] WARN  org.hibernate.dialect.Dialect - HHH000511: The 5.5.0 version for [org.hibernate.dialect.MySQLDialect] is no longer supported, hence certain features may not work properly. The minimum supported version is 5.7.0. Check the community dialects project for available legacy versions.
2024-06-19 09:42:35 [main] WARN  org.hibernate.orm.deprecation - HHH90000025: MySQLDialect does not need to be specified explicitly using 'hibernate.dialect' (remove the property setting and it will be selected by default)
2024-06-19 09:42:35 [main] INFO  org.hibernate.orm.connections.pooling - HHH10001008: Cleaning up connection pool [jdbc:mysql://localhost:3306/contadorpro]
2024-06-19 09:57:05 [main] INFO  org.hibernate.jpa.internal.util.LogHelper - HHH000204: Processing PersistenceUnitInfo [name: contadorpro]
2024-06-19 09:57:05 [main] INFO  org.hibernate.Version - HHH000412: Hibernate ORM core version 6.3.1.Final
2024-06-19 09:57:05 [main] INFO  org.hibernate.cache.internal.RegionFactoryInitiator - HHH000026: Second-level cache disabled
2024-06-19 09:57:05 [main] WARN  org.hibernate.orm.connections.pooling - HHH10001002: Using built-in connection pool (not intended for production use)
2024-06-19 09:57:05 [main] INFO  org.hibernate.orm.connections.pooling - HHH10001005: Loaded JDBC driver class: com.mysql.cj.jdbc.Driver
2024-06-19 09:57:05 [main] INFO  org.hibernate.orm.connections.pooling - HHH10001012: Connecting with JDBC URL [jdbc:mysql://localhost:3306/contadorpro]
2024-06-19 09:57:05 [main] INFO  org.hibernate.orm.connections.pooling - HHH10001001: Connection properties: {password=****, user=root}
2024-06-19 09:57:05 [main] INFO  org.hibernate.orm.connections.pooling - HHH10001003: Autocommit mode: false
2024-06-19 09:57:05 [main] INFO  org.hibernate.orm.connections.pooling - HHH10001115: Connection pool size: 20 (min=1)
2024-06-19 09:57:06 [main] WARN  org.hibernate.dialect.Dialect - HHH000511: The 5.5.0 version for [org.hibernate.dialect.MySQLDialect] is no longer supported, hence certain features may not work properly. The minimum supported version is 5.7.0. Check the community dialects project for available legacy versions.
2024-06-19 09:57:06 [main] WARN  org.hibernate.orm.deprecation - HHH90000025: MySQLDialect does not need to be specified explicitly using 'hibernate.dialect' (remove the property setting and it will be selected by default)
2024-06-19 09:57:06 [main] INFO  org.hibernate.orm.connections.pooling - HHH10001008: Cleaning up connection pool [jdbc:mysql://localhost:3306/contadorpro]
2024-06-19 10:05:04 [main] INFO  org.hibernate.jpa.internal.util.LogHelper - HHH000204: Processing PersistenceUnitInfo [name: contadorpro]
2024-06-19 10:05:04 [main] INFO  org.hibernate.Version - HHH000412: Hibernate ORM core version 6.3.1.Final
2024-06-19 10:05:04 [main] INFO  org.hibernate.cache.internal.RegionFactoryInitiator - HHH000026: Second-level cache disabled
2024-06-19 10:05:05 [main] WARN  org.hibernate.orm.connections.pooling - HHH10001002: Using built-in connection pool (not intended for production use)
2024-06-19 10:05:05 [main] INFO  org.hibernate.orm.connections.pooling - HHH10001005: Loaded JDBC driver class: com.mysql.cj.jdbc.Driver
2024-06-19 10:05:05 [main] INFO  org.hibernate.orm.connections.pooling - HHH10001012: Connecting with JDBC URL [jdbc:mysql://localhost:3306/contadorpro]
2024-06-19 10:05:05 [main] INFO  org.hibernate.orm.connections.pooling - HHH10001001: Connection properties: {password=****, user=root}
2024-06-19 10:05:05 [main] INFO  org.hibernate.orm.connections.pooling - HHH10001003: Autocommit mode: false
2024-06-19 10:05:05 [main] INFO  org.hibernate.orm.connections.pooling - HHH10001115: Connection pool size: 20 (min=1)
2024-06-19 10:05:05 [main] WARN  org.hibernate.dialect.Dialect - HHH000511: The 5.5.0 version for [org.hibernate.dialect.MySQLDialect] is no longer supported, hence certain features may not work properly. The minimum supported version is 5.7.0. Check the community dialects project for available legacy versions.
2024-06-19 10:05:05 [main] WARN  org.hibernate.orm.deprecation - HHH90000025: MySQLDialect does not need to be specified explicitly using 'hibernate.dialect' (remove the property setting and it will be selected by default)
2024-06-19 10:05:05 [main] INFO  org.hibernate.orm.connections.pooling - HHH10001008: Cleaning up connection pool [jdbc:mysql://localhost:3306/contadorpro]
2024-06-19 10:06:29 [main] INFO  org.hibernate.jpa.internal.util.LogHelper - HHH000204: Processing PersistenceUnitInfo [name: contadorpro]
2024-06-19 10:06:29 [main] INFO  org.hibernate.Version - HHH000412: Hibernate ORM core version 6.3.1.Final
2024-06-19 10:06:29 [main] INFO  org.hibernate.cache.internal.RegionFactoryInitiator - HHH000026: Second-level cache disabled
2024-06-19 10:06:29 [main] WARN  org.hibernate.orm.connections.pooling - HHH10001002: Using built-in connection pool (not intended for production use)
2024-06-19 10:06:29 [main] INFO  org.hibernate.orm.connections.pooling - HHH10001005: Loaded JDBC driver class: com.mysql.cj.jdbc.Driver
2024-06-19 10:06:29 [main] INFO  org.hibernate.orm.connections.pooling - HHH10001012: Connecting with JDBC URL [jdbc:mysql://localhost:3306/contadorpro]
2024-06-19 10:06:29 [main] INFO  org.hibernate.orm.connections.pooling - HHH10001001: Connection properties: {password=****, user=root}
2024-06-19 10:06:29 [main] INFO  org.hibernate.orm.connections.pooling - HHH10001003: Autocommit mode: false
2024-06-19 10:06:29 [main] INFO  org.hibernate.orm.connections.pooling - HHH10001115: Connection pool size: 20 (min=1)
2024-06-19 10:06:29 [main] WARN  org.hibernate.dialect.Dialect - HHH000511: The 5.5.0 version for [org.hibernate.dialect.MySQLDialect] is no longer supported, hence certain features may not work properly. The minimum supported version is 5.7.0. Check the community dialects project for available legacy versions.
2024-06-19 10:06:30 [main] WARN  org.hibernate.orm.deprecation - HHH90000025: MySQLDialect does not need to be specified explicitly using 'hibernate.dialect' (remove the property setting and it will be selected by default)
2024-06-19 10:06:30 [main] INFO  org.hibernate.orm.connections.pooling - HHH10001008: Cleaning up connection pool [jdbc:mysql://localhost:3306/contadorpro]
2024-06-19 10:07:09 [main] INFO  org.hibernate.jpa.internal.util.LogHelper - HHH000204: Processing PersistenceUnitInfo [name: contadorpro]
2024-06-19 10:07:09 [main] INFO  org.hibernate.Version - HHH000412: Hibernate ORM core version 6.3.1.Final
2024-06-19 10:07:09 [main] INFO  org.hibernate.cache.internal.RegionFactoryInitiator - HHH000026: Second-level cache disabled
2024-06-19 10:07:09 [main] WARN  org.hibernate.orm.connections.pooling - HHH10001002: Using built-in connection pool (not intended for production use)
2024-06-19 10:07:09 [main] INFO  org.hibernate.orm.connections.pooling - HHH10001005: Loaded JDBC driver class: com.mysql.cj.jdbc.Driver
2024-06-19 10:07:09 [main] INFO  org.hibernate.orm.connections.pooling - HHH10001012: Connecting with JDBC URL [jdbc:mysql://localhost:3306/contadorpro]
2024-06-19 10:07:09 [main] INFO  org.hibernate.orm.connections.pooling - HHH10001001: Connection properties: {password=****, user=root}
2024-06-19 10:07:09 [main] INFO  org.hibernate.orm.connections.pooling - HHH10001003: Autocommit mode: false
2024-06-19 10:07:09 [main] INFO  org.hibernate.orm.connections.pooling - HHH10001115: Connection pool size: 20 (min=1)
2024-06-19 10:07:09 [main] WARN  org.hibernate.dialect.Dialect - HHH000511: The 5.5.0 version for [org.hibernate.dialect.MySQLDialect] is no longer supported, hence certain features may not work properly. The minimum supported version is 5.7.0. Check the community dialects project for available legacy versions.
2024-06-19 10:07:09 [main] WARN  org.hibernate.orm.deprecation - HHH90000025: MySQLDialect does not need to be specified explicitly using 'hibernate.dialect' (remove the property setting and it will be selected by default)
2024-06-19 10:07:10 [main] INFO  org.hibernate.orm.connections.pooling - HHH10001008: Cleaning up connection pool [jdbc:mysql://localhost:3306/contadorpro]
2024-06-19 10:08:14 [main] INFO  org.hibernate.jpa.internal.util.LogHelper - HHH000204: Processing PersistenceUnitInfo [name: contadorpro]
2024-06-19 10:08:14 [main] INFO  org.hibernate.Version - HHH000412: Hibernate ORM core version 6.3.1.Final
2024-06-19 10:08:14 [main] INFO  org.hibernate.cache.internal.RegionFactoryInitiator - HHH000026: Second-level cache disabled
2024-06-19 10:08:15 [main] WARN  org.hibernate.orm.connections.pooling - HHH10001002: Using built-in connection pool (not intended for production use)
2024-06-19 10:08:15 [main] INFO  org.hibernate.orm.connections.pooling - HHH10001005: Loaded JDBC driver class: com.mysql.cj.jdbc.Driver
2024-06-19 10:08:15 [main] INFO  org.hibernate.orm.connections.pooling - HHH10001012: Connecting with JDBC URL [jdbc:mysql://localhost:3306/contadorpro]
2024-06-19 10:08:15 [main] INFO  org.hibernate.orm.connections.pooling - HHH10001001: Connection properties: {password=****, user=root}
2024-06-19 10:08:15 [main] INFO  org.hibernate.orm.connections.pooling - HHH10001003: Autocommit mode: false
2024-06-19 10:08:15 [main] INFO  org.hibernate.orm.connections.pooling - HHH10001115: Connection pool size: 20 (min=1)
2024-06-19 10:08:15 [main] WARN  org.hibernate.dialect.Dialect - HHH000511: The 5.5.0 version for [org.hibernate.dialect.MySQLDialect] is no longer supported, hence certain features may not work properly. The minimum supported version is 5.7.0. Check the community dialects project for available legacy versions.
2024-06-19 10:08:15 [main] WARN  org.hibernate.orm.deprecation - HHH90000025: MySQLDialect does not need to be specified explicitly using 'hibernate.dialect' (remove the property setting and it will be selected by default)
2024-06-19 10:08:15 [main] INFO  org.hibernate.orm.connections.pooling - HHH10001008: Cleaning up connection pool [jdbc:mysql://localhost:3306/contadorpro]
2024-06-19 10:15:42 [main] INFO  org.hibernate.jpa.internal.util.LogHelper - HHH000204: Processing PersistenceUnitInfo [name: contadorpro]
2024-06-19 10:15:42 [main] INFO  org.hibernate.Version - HHH000412: Hibernate ORM core version 6.3.1.Final
2024-06-19 10:15:42 [main] INFO  org.hibernate.cache.internal.RegionFactoryInitiator - HHH000026: Second-level cache disabled
2024-06-19 10:15:43 [main] WARN  org.hibernate.orm.connections.pooling - HHH10001002: Using built-in connection pool (not intended for production use)
2024-06-19 10:15:43 [main] INFO  org.hibernate.orm.connections.pooling - HHH10001005: Loaded JDBC driver class: com.mysql.cj.jdbc.Driver
2024-06-19 10:15:43 [main] INFO  org.hibernate.orm.connections.pooling - HHH10001012: Connecting with JDBC URL [jdbc:mysql://localhost:3306/contadorpro]
2024-06-19 10:15:43 [main] INFO  org.hibernate.orm.connections.pooling - HHH10001001: Connection properties: {password=****, user=root}
2024-06-19 10:15:43 [main] INFO  org.hibernate.orm.connections.pooling - HHH10001003: Autocommit mode: false
2024-06-19 10:15:43 [main] INFO  org.hibernate.orm.connections.pooling - HHH10001115: Connection pool size: 20 (min=1)
2024-06-19 10:15:43 [main] WARN  org.hibernate.dialect.Dialect - HHH000511: The 5.5.0 version for [org.hibernate.dialect.MySQLDialect] is no longer supported, hence certain features may not work properly. The minimum supported version is 5.7.0. Check the community dialects project for available legacy versions.
2024-06-19 10:15:43 [main] WARN  org.hibernate.orm.deprecation - HHH90000025: MySQLDialect does not need to be specified explicitly using 'hibernate.dialect' (remove the property setting and it will be selected by default)
2024-06-19 10:15:43 [main] INFO  org.hibernate.orm.connections.pooling - HHH10001008: Cleaning up connection pool [jdbc:mysql://localhost:3306/contadorpro]
2024-06-19 10:19:16 [main] INFO  org.hibernate.jpa.internal.util.LogHelper - HHH000204: Processing PersistenceUnitInfo [name: contadorpro]
2024-06-19 10:19:16 [main] INFO  org.hibernate.Version - HHH000412: Hibernate ORM core version 6.3.1.Final
2024-06-19 10:19:16 [main] INFO  org.hibernate.cache.internal.RegionFactoryInitiator - HHH000026: Second-level cache disabled
2024-06-19 10:19:16 [main] WARN  org.hibernate.orm.connections.pooling - HHH10001002: Using built-in connection pool (not intended for production use)
2024-06-19 10:19:16 [main] INFO  org.hibernate.orm.connections.pooling - HHH10001005: Loaded JDBC driver class: com.mysql.cj.jdbc.Driver
2024-06-19 10:19:16 [main] INFO  org.hibernate.orm.connections.pooling - HHH10001012: Connecting with JDBC URL [jdbc:mysql://localhost:3306/contadorpro]
2024-06-19 10:19:16 [main] INFO  org.hibernate.orm.connections.pooling - HHH10001001: Connection properties: {password=****, user=root}
2024-06-19 10:19:16 [main] INFO  org.hibernate.orm.connections.pooling - HHH10001003: Autocommit mode: false
2024-06-19 10:19:16 [main] INFO  org.hibernate.orm.connections.pooling - HHH10001115: Connection pool size: 20 (min=1)
2024-06-19 10:19:17 [main] WARN  org.hibernate.dialect.Dialect - HHH000511: The 5.5.0 version for [org.hibernate.dialect.MySQLDialect] is no longer supported, hence certain features may not work properly. The minimum supported version is 5.7.0. Check the community dialects project for available legacy versions.
2024-06-19 10:19:17 [main] WARN  org.hibernate.orm.deprecation - HHH90000025: MySQLDialect does not need to be specified explicitly using 'hibernate.dialect' (remove the property setting and it will be selected by default)
2024-06-19 10:19:18 [main] INFO  org.hibernate.engine.transaction.jta.platform.internal.JtaPlatformInitiator - HHH000489: No JTA platform available (set 'hibernate.transaction.jta.platform' to enable JTA platform integration)
2024-06-19 10:25:15 [main] INFO  org.hibernate.jpa.internal.util.LogHelper - HHH000204: Processing PersistenceUnitInfo [name: contadorpro]
2024-06-19 10:25:15 [main] INFO  org.hibernate.Version - HHH000412: Hibernate ORM core version 6.3.1.Final
2024-06-19 10:25:15 [main] INFO  org.hibernate.cache.internal.RegionFactoryInitiator - HHH000026: Second-level cache disabled
2024-06-19 10:25:15 [main] WARN  org.hibernate.orm.connections.pooling - HHH10001002: Using built-in connection pool (not intended for production use)
2024-06-19 10:25:15 [main] INFO  org.hibernate.orm.connections.pooling - HHH10001005: Loaded JDBC driver class: com.mysql.cj.jdbc.Driver
2024-06-19 10:25:15 [main] INFO  org.hibernate.orm.connections.pooling - HHH10001012: Connecting with JDBC URL [jdbc:mysql://localhost:3306/contadorpro]
2024-06-19 10:25:15 [main] INFO  org.hibernate.orm.connections.pooling - HHH10001001: Connection properties: {password=****, user=root}
2024-06-19 10:25:15 [main] INFO  org.hibernate.orm.connections.pooling - HHH10001003: Autocommit mode: false
2024-06-19 10:25:15 [main] INFO  org.hibernate.orm.connections.pooling - HHH10001115: Connection pool size: 20 (min=1)
2024-06-19 10:25:15 [main] WARN  org.hibernate.dialect.Dialect - HHH000511: The 5.5.0 version for [org.hibernate.dialect.MySQLDialect] is no longer supported, hence certain features may not work properly. The minimum supported version is 5.7.0. Check the community dialects project for available legacy versions.
2024-06-19 10:25:15 [main] WARN  org.hibernate.orm.deprecation - HHH90000025: MySQLDialect does not need to be specified explicitly using 'hibernate.dialect' (remove the property setting and it will be selected by default)
2024-06-19 10:25:17 [main] INFO  org.hibernate.engine.transaction.jta.platform.internal.JtaPlatformInitiator - HHH000489: No JTA platform available (set 'hibernate.transaction.jta.platform' to enable JTA platform integration)
2024-06-19 10:28:27 [main] INFO  org.hibernate.jpa.internal.util.LogHelper - HHH000204: Processing PersistenceUnitInfo [name: contadorpro]
2024-06-19 10:28:27 [main] INFO  org.hibernate.Version - HHH000412: Hibernate ORM core version 6.3.1.Final
2024-06-19 10:28:27 [main] INFO  org.hibernate.cache.internal.RegionFactoryInitiator - HHH000026: Second-level cache disabled
2024-06-19 10:28:27 [main] WARN  org.hibernate.orm.connections.pooling - HHH10001002: Using built-in connection pool (not intended for production use)
2024-06-19 10:28:27 [main] INFO  org.hibernate.orm.connections.pooling - HHH10001005: Loaded JDBC driver class: com.mysql.cj.jdbc.Driver
2024-06-19 10:28:27 [main] INFO  org.hibernate.orm.connections.pooling - HHH10001012: Connecting with JDBC URL [jdbc:mysql://localhost:3306/contadorpro]
2024-06-19 10:28:27 [main] INFO  org.hibernate.orm.connections.pooling - HHH10001001: Connection properties: {password=****, user=root}
2024-06-19 10:28:27 [main] INFO  org.hibernate.orm.connections.pooling - HHH10001003: Autocommit mode: false
2024-06-19 10:28:27 [main] INFO  org.hibernate.orm.connections.pooling - HHH10001115: Connection pool size: 20 (min=1)
2024-06-19 10:28:28 [main] WARN  org.hibernate.dialect.Dialect - HHH000511: The 5.5.0 version for [org.hibernate.dialect.MySQLDialect] is no longer supported, hence certain features may not work properly. The minimum supported version is 5.7.0. Check the community dialects project for available legacy versions.
2024-06-19 10:28:28 [main] WARN  org.hibernate.orm.deprecation - HHH90000025: MySQLDialect does not need to be specified explicitly using 'hibernate.dialect' (remove the property setting and it will be selected by default)
2024-06-19 10:28:29 [main] INFO  org.hibernate.engine.transaction.jta.platform.internal.JtaPlatformInitiator - HHH000489: No JTA platform available (set 'hibernate.transaction.jta.platform' to enable JTA platform integration)
2024-06-19 10:29:26 [main] INFO  org.hibernate.jpa.internal.util.LogHelper - HHH000204: Processing PersistenceUnitInfo [name: contadorpro]
2024-06-19 10:29:26 [main] INFO  org.hibernate.Version - HHH000412: Hibernate ORM core version 6.3.1.Final
2024-06-19 10:29:26 [main] INFO  org.hibernate.cache.internal.RegionFactoryInitiator - HHH000026: Second-level cache disabled
2024-06-19 10:29:26 [main] WARN  org.hibernate.orm.connections.pooling - HHH10001002: Using built-in connection pool (not intended for production use)
2024-06-19 10:29:26 [main] INFO  org.hibernate.orm.connections.pooling - HHH10001005: Loaded JDBC driver class: com.mysql.cj.jdbc.Driver
2024-06-19 10:29:26 [main] INFO  org.hibernate.orm.connections.pooling - HHH10001012: Connecting with JDBC URL [jdbc:mysql://localhost:3306/contadorpro]
2024-06-19 10:29:26 [main] INFO  org.hibernate.orm.connections.pooling - HHH10001001: Connection properties: {password=****, user=root}
2024-06-19 10:29:26 [main] INFO  org.hibernate.orm.connections.pooling - HHH10001003: Autocommit mode: false
2024-06-19 10:29:26 [main] INFO  org.hibernate.orm.connections.pooling - HHH10001115: Connection pool size: 20 (min=1)
2024-06-19 10:29:27 [main] WARN  org.hibernate.dialect.Dialect - HHH000511: The 5.5.0 version for [org.hibernate.dialect.MySQLDialect] is no longer supported, hence certain features may not work properly. The minimum supported version is 5.7.0. Check the community dialects project for available legacy versions.
2024-06-19 10:29:27 [main] WARN  org.hibernate.orm.deprecation - HHH90000025: MySQLDialect does not need to be specified explicitly using 'hibernate.dialect' (remove the property setting and it will be selected by default)
2024-06-19 10:29:28 [main] INFO  org.hibernate.engine.transaction.jta.platform.internal.JtaPlatformInitiator - HHH000489: No JTA platform available (set 'hibernate.transaction.jta.platform' to enable JTA platform integration)
2024-06-19 10:31:37 [main] INFO  org.hibernate.jpa.internal.util.LogHelper - HHH000204: Processing PersistenceUnitInfo [name: contadorpro]
2024-06-19 10:31:37 [main] INFO  org.hibernate.Version - HHH000412: Hibernate ORM core version 6.3.1.Final
2024-06-19 10:31:37 [main] INFO  org.hibernate.cache.internal.RegionFactoryInitiator - HHH000026: Second-level cache disabled
2024-06-19 10:31:37 [main] WARN  org.hibernate.orm.connections.pooling - HHH10001002: Using built-in connection pool (not intended for production use)
2024-06-19 10:31:37 [main] INFO  org.hibernate.orm.connections.pooling - HHH10001005: Loaded JDBC driver class: com.mysql.cj.jdbc.Driver
2024-06-19 10:31:37 [main] INFO  org.hibernate.orm.connections.pooling - HHH10001012: Connecting with JDBC URL [jdbc:mysql://localhost:3306/contadorpro]
2024-06-19 10:31:37 [main] INFO  org.hibernate.orm.connections.pooling - HHH10001001: Connection properties: {password=****, user=root}
2024-06-19 10:31:37 [main] INFO  org.hibernate.orm.connections.pooling - HHH10001003: Autocommit mode: false
2024-06-19 10:31:37 [main] INFO  org.hibernate.orm.connections.pooling - HHH10001115: Connection pool size: 20 (min=1)
2024-06-19 10:31:37 [main] WARN  org.hibernate.dialect.Dialect - HHH000511: The 5.5.0 version for [org.hibernate.dialect.MySQLDialect] is no longer supported, hence certain features may not work properly. The minimum supported version is 5.7.0. Check the community dialects project for available legacy versions.
2024-06-19 10:31:37 [main] WARN  org.hibernate.orm.deprecation - HHH90000025: MySQLDialect does not need to be specified explicitly using 'hibernate.dialect' (remove the property setting and it will be selected by default)
2024-06-19 10:31:39 [main] INFO  org.hibernate.engine.transaction.jta.platform.internal.JtaPlatformInitiator - HHH000489: No JTA platform available (set 'hibernate.transaction.jta.platform' to enable JTA platform integration)
2024-06-19 10:33:20 [main] INFO  org.hibernate.jpa.internal.util.LogHelper - HHH000204: Processing PersistenceUnitInfo [name: contadorpro]
2024-06-19 10:33:20 [main] INFO  org.hibernate.Version - HHH000412: Hibernate ORM core version 6.3.1.Final
2024-06-19 10:33:20 [main] INFO  org.hibernate.cache.internal.RegionFactoryInitiator - HHH000026: Second-level cache disabled
2024-06-19 10:33:20 [main] WARN  org.hibernate.orm.connections.pooling - HHH10001002: Using built-in connection pool (not intended for production use)
2024-06-19 10:33:20 [main] INFO  org.hibernate.orm.connections.pooling - HHH10001005: Loaded JDBC driver class: com.mysql.cj.jdbc.Driver
2024-06-19 10:33:20 [main] INFO  org.hibernate.orm.connections.pooling - HHH10001012: Connecting with JDBC URL [jdbc:mysql://localhost:3306/contadorpro]
2024-06-19 10:33:20 [main] INFO  org.hibernate.orm.connections.pooling - HHH10001001: Connection properties: {password=****, user=root}
2024-06-19 10:33:20 [main] INFO  org.hibernate.orm.connections.pooling - HHH10001003: Autocommit mode: false
2024-06-19 10:33:20 [main] INFO  org.hibernate.orm.connections.pooling - HHH10001115: Connection pool size: 20 (min=1)
2024-06-19 10:33:20 [main] WARN  org.hibernate.dialect.Dialect - HHH000511: The 5.5.0 version for [org.hibernate.dialect.MySQLDialect] is no longer supported, hence certain features may not work properly. The minimum supported version is 5.7.0. Check the community dialects project for available legacy versions.
2024-06-19 10:33:20 [main] WARN  org.hibernate.orm.deprecation - HHH90000025: MySQLDialect does not need to be specified explicitly using 'hibernate.dialect' (remove the property setting and it will be selected by default)
2024-06-19 10:33:22 [main] INFO  org.hibernate.engine.transaction.jta.platform.internal.JtaPlatformInitiator - HHH000489: No JTA platform available (set 'hibernate.transaction.jta.platform' to enable JTA platform integration)
2024-06-19 10:36:18 [main] INFO  org.hibernate.jpa.internal.util.LogHelper - HHH000204: Processing PersistenceUnitInfo [name: contadorpro]
2024-06-19 10:36:18 [main] INFO  org.hibernate.Version - HHH000412: Hibernate ORM core version 6.3.1.Final
2024-06-19 10:36:18 [main] INFO  org.hibernate.cache.internal.RegionFactoryInitiator - HHH000026: Second-level cache disabled
2024-06-19 10:36:19 [main] WARN  org.hibernate.orm.connections.pooling - HHH10001002: Using built-in connection pool (not intended for production use)
2024-06-19 10:36:19 [main] INFO  org.hibernate.orm.connections.pooling - HHH10001005: Loaded JDBC driver class: com.mysql.cj.jdbc.Driver
2024-06-19 10:36:19 [main] INFO  org.hibernate.orm.connections.pooling - HHH10001012: Connecting with JDBC URL [jdbc:mysql://localhost:3306/contadorpro]
2024-06-19 10:36:19 [main] INFO  org.hibernate.orm.connections.pooling - HHH10001001: Connection properties: {password=****, user=root}
2024-06-19 10:36:19 [main] INFO  org.hibernate.orm.connections.pooling - HHH10001003: Autocommit mode: false
2024-06-19 10:36:19 [main] INFO  org.hibernate.orm.connections.pooling - HHH10001115: Connection pool size: 20 (min=1)
2024-06-19 10:36:19 [main] WARN  org.hibernate.dialect.Dialect - HHH000511: The 5.5.0 version for [org.hibernate.dialect.MySQLDialect] is no longer supported, hence certain features may not work properly. The minimum supported version is 5.7.0. Check the community dialects project for available legacy versions.
2024-06-19 10:36:19 [main] WARN  org.hibernate.orm.deprecation - HHH90000025: MySQLDialect does not need to be specified explicitly using 'hibernate.dialect' (remove the property setting and it will be selected by default)
2024-06-19 10:36:20 [main] INFO  org.hibernate.engine.transaction.jta.platform.internal.JtaPlatformInitiator - HHH000489: No JTA platform available (set 'hibernate.transaction.jta.platform' to enable JTA platform integration)
2024-06-19 11:34:46 [main] INFO  org.hibernate.jpa.internal.util.LogHelper - HHH000204: Processing PersistenceUnitInfo [name: contadorpro]
2024-06-19 11:34:47 [main] INFO  org.hibernate.Version - HHH000412: Hibernate ORM core version 6.3.1.Final
2024-06-19 11:34:47 [main] INFO  org.hibernate.cache.internal.RegionFactoryInitiator - HHH000026: Second-level cache disabled
2024-06-19 11:34:47 [main] WARN  org.hibernate.orm.connections.pooling - HHH10001002: Using built-in connection pool (not intended for production use)
2024-06-19 11:34:47 [main] INFO  org.hibernate.orm.connections.pooling - HHH10001005: Loaded JDBC driver class: com.mysql.cj.jdbc.Driver
2024-06-19 11:34:47 [main] INFO  org.hibernate.orm.connections.pooling - HHH10001012: Connecting with JDBC URL [jdbc:mysql://localhost:3306/contadorpro]
2024-06-19 11:34:47 [main] INFO  org.hibernate.orm.connections.pooling - HHH10001001: Connection properties: {password=****, user=root}
2024-06-19 11:34:47 [main] INFO  org.hibernate.orm.connections.pooling - HHH10001003: Autocommit mode: false
2024-06-19 11:34:47 [main] INFO  org.hibernate.orm.connections.pooling - HHH10001115: Connection pool size: 20 (min=1)
2024-06-19 11:34:47 [main] WARN  org.hibernate.dialect.Dialect - HHH000511: The 5.5.0 version for [org.hibernate.dialect.MySQLDialect] is no longer supported, hence certain features may not work properly. The minimum supported version is 5.7.0. Check the community dialects project for available legacy versions.
2024-06-19 11:34:47 [main] WARN  org.hibernate.orm.deprecation - HHH90000025: MySQLDialect does not need to be specified explicitly using 'hibernate.dialect' (remove the property setting and it will be selected by default)
2024-06-19 11:34:48 [main] INFO  org.hibernate.engine.transaction.jta.platform.internal.JtaPlatformInitiator - HHH000489: No JTA platform available (set 'hibernate.transaction.jta.platform' to enable JTA platform integration)
2024-06-19 11:34:48 [main] INFO  org.hibernate.orm.connections.pooling - HHH10001008: Cleaning up connection pool [jdbc:mysql://localhost:3306/contadorpro]
2024-06-19 11:35:30 [main] INFO  org.hibernate.jpa.internal.util.LogHelper - HHH000204: Processing PersistenceUnitInfo [name: contadorpro]
2024-06-19 11:35:30 [main] INFO  org.hibernate.Version - HHH000412: Hibernate ORM core version 6.3.1.Final
2024-06-19 11:35:30 [main] INFO  org.hibernate.cache.internal.RegionFactoryInitiator - HHH000026: Second-level cache disabled
2024-06-19 11:35:30 [main] WARN  org.hibernate.orm.connections.pooling - HHH10001002: Using built-in connection pool (not intended for production use)
2024-06-19 11:35:30 [main] INFO  org.hibernate.orm.connections.pooling - HHH10001005: Loaded JDBC driver class: com.mysql.cj.jdbc.Driver
2024-06-19 11:35:30 [main] INFO  org.hibernate.orm.connections.pooling - HHH10001012: Connecting with JDBC URL [jdbc:mysql://localhost:3306/contadorpro]
2024-06-19 11:35:30 [main] INFO  org.hibernate.orm.connections.pooling - HHH10001001: Connection properties: {password=****, user=root}
2024-06-19 11:35:30 [main] INFO  org.hibernate.orm.connections.pooling - HHH10001003: Autocommit mode: false
2024-06-19 11:35:30 [main] INFO  org.hibernate.orm.connections.pooling - HHH10001115: Connection pool size: 20 (min=1)
2024-06-19 11:35:30 [main] WARN  org.hibernate.dialect.Dialect - HHH000511: The 5.5.0 version for [org.hibernate.dialect.MySQLDialect] is no longer supported, hence certain features may not work properly. The minimum supported version is 5.7.0. Check the community dialects project for available legacy versions.
2024-06-19 11:35:30 [main] WARN  org.hibernate.orm.deprecation - HHH90000025: MySQLDialect does not need to be specified explicitly using 'hibernate.dialect' (remove the property setting and it will be selected by default)
2024-06-19 11:35:31 [main] INFO  org.hibernate.engine.transaction.jta.platform.internal.JtaPlatformInitiator - HHH000489: No JTA platform available (set 'hibernate.transaction.jta.platform' to enable JTA platform integration)
2024-06-19 11:35:31 [main] INFO  org.hibernate.orm.connections.pooling - HHH10001008: Cleaning up connection pool [jdbc:mysql://localhost:3306/contadorpro]
2024-06-19 11:36:05 [main] INFO  org.hibernate.jpa.internal.util.LogHelper - HHH000204: Processing PersistenceUnitInfo [name: contadorpro]
2024-06-19 11:36:05 [main] INFO  org.hibernate.Version - HHH000412: Hibernate ORM core version 6.3.1.Final
2024-06-19 11:36:05 [main] INFO  org.hibernate.cache.internal.RegionFactoryInitiator - HHH000026: Second-level cache disabled
2024-06-19 11:36:06 [main] WARN  org.hibernate.orm.connections.pooling - HHH10001002: Using built-in connection pool (not intended for production use)
2024-06-19 11:36:06 [main] INFO  org.hibernate.orm.connections.pooling - HHH10001005: Loaded JDBC driver class: com.mysql.cj.jdbc.Driver
2024-06-19 11:36:06 [main] INFO  org.hibernate.orm.connections.pooling - HHH10001012: Connecting with JDBC URL [jdbc:mysql://localhost:3306/contadorpro]
2024-06-19 11:36:06 [main] INFO  org.hibernate.orm.connections.pooling - HHH10001001: Connection properties: {password=****, user=root}
2024-06-19 11:36:06 [main] INFO  org.hibernate.orm.connections.pooling - HHH10001003: Autocommit mode: false
2024-06-19 11:36:06 [main] INFO  org.hibernate.orm.connections.pooling - HHH10001115: Connection pool size: 20 (min=1)
2024-06-19 11:36:06 [main] WARN  org.hibernate.dialect.Dialect - HHH000511: The 5.5.0 version for [org.hibernate.dialect.MySQLDialect] is no longer supported, hence certain features may not work properly. The minimum supported version is 5.7.0. Check the community dialects project for available legacy versions.
2024-06-19 11:36:06 [main] WARN  org.hibernate.orm.deprecation - HHH90000025: MySQLDialect does not need to be specified explicitly using 'hibernate.dialect' (remove the property setting and it will be selected by default)
2024-06-19 11:36:07 [main] INFO  org.hibernate.engine.transaction.jta.platform.internal.JtaPlatformInitiator - HHH000489: No JTA platform available (set 'hibernate.transaction.jta.platform' to enable JTA platform integration)
2024-06-19 11:36:07 [main] WARN  org.hibernate.engine.jdbc.spi.SqlExceptionHelper - SQL Error: 1048, SQLState: 23000
2024-06-19 11:36:07 [main] ERROR org.hibernate.engine.jdbc.spi.SqlExceptionHelper - Column 'contrasena' cannot be null
2024-06-19 11:36:07 [main] INFO  org.hibernate.orm.connections.pooling - HHH10001008: Cleaning up connection pool [jdbc:mysql://localhost:3306/contadorpro]
2024-06-19 11:38:23 [main] INFO  org.hibernate.jpa.internal.util.LogHelper - HHH000204: Processing PersistenceUnitInfo [name: contadorpro]
2024-06-19 11:38:23 [main] INFO  org.hibernate.Version - HHH000412: Hibernate ORM core version 6.3.1.Final
2024-06-19 11:38:23 [main] INFO  org.hibernate.cache.internal.RegionFactoryInitiator - HHH000026: Second-level cache disabled
2024-06-19 11:38:24 [main] WARN  org.hibernate.orm.connections.pooling - HHH10001002: Using built-in connection pool (not intended for production use)
2024-06-19 11:38:24 [main] INFO  org.hibernate.orm.connections.pooling - HHH10001005: Loaded JDBC driver class: com.mysql.cj.jdbc.Driver
2024-06-19 11:38:24 [main] INFO  org.hibernate.orm.connections.pooling - HHH10001012: Connecting with JDBC URL [jdbc:mysql://localhost:3306/contadorpro]
2024-06-19 11:38:24 [main] INFO  org.hibernate.orm.connections.pooling - HHH10001001: Connection properties: {password=****, user=root}
2024-06-19 11:38:24 [main] INFO  org.hibernate.orm.connections.pooling - HHH10001003: Autocommit mode: false
2024-06-19 11:38:24 [main] INFO  org.hibernate.orm.connections.pooling - HHH10001115: Connection pool size: 20 (min=1)
2024-06-19 11:38:24 [main] WARN  org.hibernate.dialect.Dialect - HHH000511: The 5.5.0 version for [org.hibernate.dialect.MySQLDialect] is no longer supported, hence certain features may not work properly. The minimum supported version is 5.7.0. Check the community dialects project for available legacy versions.
2024-06-19 11:38:24 [main] WARN  org.hibernate.orm.deprecation - HHH90000025: MySQLDialect does not need to be specified explicitly using 'hibernate.dialect' (remove the property setting and it will be selected by default)
2024-06-19 11:38:25 [main] INFO  org.hibernate.engine.transaction.jta.platform.internal.JtaPlatformInitiator - HHH000489: No JTA platform available (set 'hibernate.transaction.jta.platform' to enable JTA platform integration)
2024-06-19 11:38:25 [main] INFO  org.hibernate.orm.connections.pooling - HHH10001008: Cleaning up connection pool [jdbc:mysql://localhost:3306/contadorpro]
2024-06-19 11:39:23 [main] INFO  org.hibernate.jpa.internal.util.LogHelper - HHH000204: Processing PersistenceUnitInfo [name: contadorpro]
2024-06-19 11:39:23 [main] INFO  org.hibernate.Version - HHH000412: Hibernate ORM core version 6.3.1.Final
2024-06-19 11:39:23 [main] INFO  org.hibernate.cache.internal.RegionFactoryInitiator - HHH000026: Second-level cache disabled
2024-06-19 11:39:24 [main] WARN  org.hibernate.orm.connections.pooling - HHH10001002: Using built-in connection pool (not intended for production use)
2024-06-19 11:39:24 [main] INFO  org.hibernate.orm.connections.pooling - HHH10001005: Loaded JDBC driver class: com.mysql.cj.jdbc.Driver
2024-06-19 11:39:24 [main] INFO  org.hibernate.orm.connections.pooling - HHH10001012: Connecting with JDBC URL [jdbc:mysql://localhost:3306/contadorpro]
2024-06-19 11:39:24 [main] INFO  org.hibernate.orm.connections.pooling - HHH10001001: Connection properties: {password=****, user=root}
2024-06-19 11:39:24 [main] INFO  org.hibernate.orm.connections.pooling - HHH10001003: Autocommit mode: false
2024-06-19 11:39:24 [main] INFO  org.hibernate.orm.connections.pooling - HHH10001115: Connection pool size: 20 (min=1)
2024-06-19 11:39:24 [main] WARN  org.hibernate.dialect.Dialect - HHH000511: The 5.5.0 version for [org.hibernate.dialect.MySQLDialect] is no longer supported, hence certain features may not work properly. The minimum supported version is 5.7.0. Check the community dialects project for available legacy versions.
2024-06-19 11:39:24 [main] WARN  org.hibernate.orm.deprecation - HHH90000025: MySQLDialect does not need to be specified explicitly using 'hibernate.dialect' (remove the property setting and it will be selected by default)
2024-06-19 11:39:25 [main] INFO  org.hibernate.engine.transaction.jta.platform.internal.JtaPlatformInitiator - HHH000489: No JTA platform available (set 'hibernate.transaction.jta.platform' to enable JTA platform integration)
2024-06-19 11:39:25 [main] INFO  org.hibernate.orm.connections.pooling - HHH10001008: Cleaning up connection pool [jdbc:mysql://localhost:3306/contadorpro]
2024-06-19 11:40:03 [main] INFO  org.hibernate.jpa.internal.util.LogHelper - HHH000204: Processing PersistenceUnitInfo [name: contadorpro]
2024-06-19 11:40:03 [main] INFO  org.hibernate.Version - HHH000412: Hibernate ORM core version 6.3.1.Final
2024-06-19 11:40:03 [main] INFO  org.hibernate.cache.internal.RegionFactoryInitiator - HHH000026: Second-level cache disabled
2024-06-19 11:40:03 [main] WARN  org.hibernate.orm.connections.pooling - HHH10001002: Using built-in connection pool (not intended for production use)
2024-06-19 11:40:03 [main] INFO  org.hibernate.orm.connections.pooling - HHH10001005: Loaded JDBC driver class: com.mysql.cj.jdbc.Driver
2024-06-19 11:40:03 [main] INFO  org.hibernate.orm.connections.pooling - HHH10001012: Connecting with JDBC URL [jdbc:mysql://localhost:3306/contadorpro]
2024-06-19 11:40:03 [main] INFO  org.hibernate.orm.connections.pooling - HHH10001001: Connection properties: {password=****, user=root}
2024-06-19 11:40:03 [main] INFO  org.hibernate.orm.connections.pooling - HHH10001003: Autocommit mode: false
2024-06-19 11:40:03 [main] INFO  org.hibernate.orm.connections.pooling - HHH10001115: Connection pool size: 20 (min=1)
2024-06-19 11:40:04 [main] WARN  org.hibernate.dialect.Dialect - HHH000511: The 5.5.0 version for [org.hibernate.dialect.MySQLDialect] is no longer supported, hence certain features may not work properly. The minimum supported version is 5.7.0. Check the community dialects project for available legacy versions.
2024-06-19 11:40:04 [main] WARN  org.hibernate.orm.deprecation - HHH90000025: MySQLDialect does not need to be specified explicitly using 'hibernate.dialect' (remove the property setting and it will be selected by default)
2024-06-19 11:40:04 [main] INFO  org.hibernate.engine.transaction.jta.platform.internal.JtaPlatformInitiator - HHH000489: No JTA platform available (set 'hibernate.transaction.jta.platform' to enable JTA platform integration)
2024-06-19 11:40:04 [main] INFO  org.hibernate.orm.connections.pooling - HHH10001008: Cleaning up connection pool [jdbc:mysql://localhost:3306/contadorpro]
2024-06-19 11:41:03 [main] INFO  org.hibernate.jpa.internal.util.LogHelper - HHH000204: Processing PersistenceUnitInfo [name: contadorpro]
2024-06-19 11:41:03 [main] INFO  org.hibernate.Version - HHH000412: Hibernate ORM core version 6.3.1.Final
2024-06-19 11:41:03 [main] INFO  org.hibernate.cache.internal.RegionFactoryInitiator - HHH000026: Second-level cache disabled
2024-06-19 11:41:04 [main] WARN  org.hibernate.orm.connections.pooling - HHH10001002: Using built-in connection pool (not intended for production use)
2024-06-19 11:41:04 [main] INFO  org.hibernate.orm.connections.pooling - HHH10001005: Loaded JDBC driver class: com.mysql.cj.jdbc.Driver
2024-06-19 11:41:04 [main] INFO  org.hibernate.orm.connections.pooling - HHH10001012: Connecting with JDBC URL [jdbc:mysql://localhost:3306/contadorpro]
2024-06-19 11:41:04 [main] INFO  org.hibernate.orm.connections.pooling - HHH10001001: Connection properties: {password=****, user=root}
2024-06-19 11:41:04 [main] INFO  org.hibernate.orm.connections.pooling - HHH10001003: Autocommit mode: false
2024-06-19 11:41:04 [main] INFO  org.hibernate.orm.connections.pooling - HHH10001115: Connection pool size: 20 (min=1)
2024-06-19 11:41:04 [main] WARN  org.hibernate.dialect.Dialect - HHH000511: The 5.5.0 version for [org.hibernate.dialect.MySQLDialect] is no longer supported, hence certain features may not work properly. The minimum supported version is 5.7.0. Check the community dialects project for available legacy versions.
2024-06-19 11:41:04 [main] WARN  org.hibernate.orm.deprecation - HHH90000025: MySQLDialect does not need to be specified explicitly using 'hibernate.dialect' (remove the property setting and it will be selected by default)
2024-06-19 11:41:05 [main] INFO  org.hibernate.engine.transaction.jta.platform.internal.JtaPlatformInitiator - HHH000489: No JTA platform available (set 'hibernate.transaction.jta.platform' to enable JTA platform integration)
2024-06-19 11:41:05 [main] INFO  org.hibernate.orm.connections.pooling - HHH10001008: Cleaning up connection pool [jdbc:mysql://localhost:3306/contadorpro]
2024-06-19 11:42:10 [main] INFO  org.hibernate.jpa.internal.util.LogHelper - HHH000204: Processing PersistenceUnitInfo [name: contadorpro]
2024-06-19 11:42:10 [main] INFO  org.hibernate.Version - HHH000412: Hibernate ORM core version 6.3.1.Final
2024-06-19 11:42:10 [main] INFO  org.hibernate.cache.internal.RegionFactoryInitiator - HHH000026: Second-level cache disabled
2024-06-19 11:42:10 [main] WARN  org.hibernate.orm.connections.pooling - HHH10001002: Using built-in connection pool (not intended for production use)
2024-06-19 11:42:10 [main] INFO  org.hibernate.orm.connections.pooling - HHH10001005: Loaded JDBC driver class: com.mysql.cj.jdbc.Driver
2024-06-19 11:42:10 [main] INFO  org.hibernate.orm.connections.pooling - HHH10001012: Connecting with JDBC URL [jdbc:mysql://localhost:3306/contadorpro]
2024-06-19 11:42:10 [main] INFO  org.hibernate.orm.connections.pooling - HHH10001001: Connection properties: {password=****, user=root}
2024-06-19 11:42:10 [main] INFO  org.hibernate.orm.connections.pooling - HHH10001003: Autocommit mode: false
2024-06-19 11:42:10 [main] INFO  org.hibernate.orm.connections.pooling - HHH10001115: Connection pool size: 20 (min=1)
2024-06-19 11:42:10 [main] WARN  org.hibernate.dialect.Dialect - HHH000511: The 5.5.0 version for [org.hibernate.dialect.MySQLDialect] is no longer supported, hence certain features may not work properly. The minimum supported version is 5.7.0. Check the community dialects project for available legacy versions.
2024-06-19 11:42:10 [main] WARN  org.hibernate.orm.deprecation - HHH90000025: MySQLDialect does not need to be specified explicitly using 'hibernate.dialect' (remove the property setting and it will be selected by default)
2024-06-19 11:42:11 [main] INFO  org.hibernate.engine.transaction.jta.platform.internal.JtaPlatformInitiator - HHH000489: No JTA platform available (set 'hibernate.transaction.jta.platform' to enable JTA platform integration)
2024-06-19 11:42:11 [main] INFO  org.hibernate.orm.connections.pooling - HHH10001008: Cleaning up connection pool [jdbc:mysql://localhost:3306/contadorpro]
2024-06-19 11:42:42 [main] INFO  org.hibernate.jpa.internal.util.LogHelper - HHH000204: Processing PersistenceUnitInfo [name: contadorpro]
2024-06-19 11:42:42 [main] INFO  org.hibernate.Version - HHH000412: Hibernate ORM core version 6.3.1.Final
2024-06-19 11:42:42 [main] INFO  org.hibernate.cache.internal.RegionFactoryInitiator - HHH000026: Second-level cache disabled
2024-06-19 11:42:42 [main] WARN  org.hibernate.orm.connections.pooling - HHH10001002: Using built-in connection pool (not intended for production use)
2024-06-19 11:42:42 [main] INFO  org.hibernate.orm.connections.pooling - HHH10001005: Loaded JDBC driver class: com.mysql.cj.jdbc.Driver
2024-06-19 11:42:42 [main] INFO  org.hibernate.orm.connections.pooling - HHH10001012: Connecting with JDBC URL [jdbc:mysql://localhost:3306/contadorpro]
2024-06-19 11:42:42 [main] INFO  org.hibernate.orm.connections.pooling - HHH10001001: Connection properties: {password=****, user=root}
2024-06-19 11:42:42 [main] INFO  org.hibernate.orm.connections.pooling - HHH10001003: Autocommit mode: false
2024-06-19 11:42:42 [main] INFO  org.hibernate.orm.connections.pooling - HHH10001115: Connection pool size: 20 (min=1)
2024-06-19 11:42:42 [main] WARN  org.hibernate.dialect.Dialect - HHH000511: The 5.5.0 version for [org.hibernate.dialect.MySQLDialect] is no longer supported, hence certain features may not work properly. The minimum supported version is 5.7.0. Check the community dialects project for available legacy versions.
2024-06-19 11:42:42 [main] WARN  org.hibernate.orm.deprecation - HHH90000025: MySQLDialect does not need to be specified explicitly using 'hibernate.dialect' (remove the property setting and it will be selected by default)
2024-06-19 11:42:43 [main] INFO  org.hibernate.engine.transaction.jta.platform.internal.JtaPlatformInitiator - HHH000489: No JTA platform available (set 'hibernate.transaction.jta.platform' to enable JTA platform integration)
2024-06-19 11:42:43 [main] INFO  org.hibernate.orm.connections.pooling - HHH10001008: Cleaning up connection pool [jdbc:mysql://localhost:3306/contadorpro]
2024-06-19 19:02:42 [main] INFO  org.hibernate.jpa.internal.util.LogHelper - HHH000204: Processing PersistenceUnitInfo [name: contadorpro]
2024-06-19 19:02:42 [main] INFO  org.hibernate.Version - HHH000412: Hibernate ORM core version 6.3.1.Final
2024-06-19 19:02:42 [main] INFO  org.hibernate.cache.internal.RegionFactoryInitiator - HHH000026: Second-level cache disabled
2024-06-19 19:02:43 [main] WARN  org.hibernate.orm.connections.pooling - HHH10001002: Using built-in connection pool (not intended for production use)
2024-06-19 19:02:43 [main] INFO  org.hibernate.orm.connections.pooling - HHH10001005: Loaded JDBC driver class: com.mysql.cj.jdbc.Driver
2024-06-19 19:02:43 [main] INFO  org.hibernate.orm.connections.pooling - HHH10001012: Connecting with JDBC URL [jdbc:mysql://localhost:3306/contadorpro]
2024-06-19 19:02:43 [main] INFO  org.hibernate.orm.connections.pooling - HHH10001001: Connection properties: {password=****, user=root}
2024-06-19 19:02:43 [main] INFO  org.hibernate.orm.connections.pooling - HHH10001003: Autocommit mode: false
2024-06-19 19:02:43 [main] INFO  org.hibernate.orm.connections.pooling - HHH10001115: Connection pool size: 20 (min=1)
2024-06-19 19:02:43 [main] WARN  org.hibernate.dialect.Dialect - HHH000511: The 5.5.0 version for [org.hibernate.dialect.MySQLDialect] is no longer supported, hence certain features may not work properly. The minimum supported version is 5.7.0. Check the community dialects project for available legacy versions.
2024-06-19 19:02:43 [main] WARN  org.hibernate.orm.deprecation - HHH90000025: MySQLDialect does not need to be specified explicitly using 'hibernate.dialect' (remove the property setting and it will be selected by default)
2024-06-19 19:02:45 [main] INFO  org.hibernate.engine.transaction.jta.platform.internal.JtaPlatformInitiator - HHH000489: No JTA platform available (set 'hibernate.transaction.jta.platform' to enable JTA platform integration)
2024-06-19 19:04:41 [main] INFO  org.hibernate.jpa.internal.util.LogHelper - HHH000204: Processing PersistenceUnitInfo [name: contadorpro]
2024-06-19 19:04:41 [main] INFO  org.hibernate.Version - HHH000412: Hibernate ORM core version 6.3.1.Final
2024-06-19 19:04:41 [main] INFO  org.hibernate.cache.internal.RegionFactoryInitiator - HHH000026: Second-level cache disabled
2024-06-19 19:04:42 [main] WARN  org.hibernate.orm.connections.pooling - HHH10001002: Using built-in connection pool (not intended for production use)
2024-06-19 19:04:42 [main] INFO  org.hibernate.orm.connections.pooling - HHH10001005: Loaded JDBC driver class: com.mysql.cj.jdbc.Driver
2024-06-19 19:04:42 [main] INFO  org.hibernate.orm.connections.pooling - HHH10001012: Connecting with JDBC URL [jdbc:mysql://localhost:3306/contadorpro]
2024-06-19 19:04:42 [main] INFO  org.hibernate.orm.connections.pooling - HHH10001001: Connection properties: {password=****, user=root}
2024-06-19 19:04:42 [main] INFO  org.hibernate.orm.connections.pooling - HHH10001003: Autocommit mode: false
2024-06-19 19:04:42 [main] INFO  org.hibernate.orm.connections.pooling - HHH10001115: Connection pool size: 20 (min=1)
2024-06-19 19:04:42 [main] WARN  org.hibernate.dialect.Dialect - HHH000511: The 5.5.0 version for [org.hibernate.dialect.MySQLDialect] is no longer supported, hence certain features may not work properly. The minimum supported version is 5.7.0. Check the community dialects project for available legacy versions.
2024-06-19 19:04:42 [main] WARN  org.hibernate.orm.deprecation - HHH90000025: MySQLDialect does not need to be specified explicitly using 'hibernate.dialect' (remove the property setting and it will be selected by default)
2024-06-19 19:04:44 [main] INFO  org.hibernate.engine.transaction.jta.platform.internal.JtaPlatformInitiator - HHH000489: No JTA platform available (set 'hibernate.transaction.jta.platform' to enable JTA platform integration)
2024-06-19 19:04:44 [main] INFO  org.hibernate.orm.connections.pooling - HHH10001008: Cleaning up connection pool [jdbc:mysql://localhost:3306/contadorpro]
2024-06-19 19:05:11 [main] INFO  org.hibernate.jpa.internal.util.LogHelper - HHH000204: Processing PersistenceUnitInfo [name: contadorpro]
2024-06-19 19:05:11 [main] INFO  org.hibernate.Version - HHH000412: Hibernate ORM core version 6.3.1.Final
2024-06-19 19:05:11 [main] INFO  org.hibernate.cache.internal.RegionFactoryInitiator - HHH000026: Second-level cache disabled
2024-06-19 19:05:11 [main] WARN  org.hibernate.orm.connections.pooling - HHH10001002: Using built-in connection pool (not intended for production use)
2024-06-19 19:05:11 [main] INFO  org.hibernate.orm.connections.pooling - HHH10001005: Loaded JDBC driver class: com.mysql.cj.jdbc.Driver
2024-06-19 19:05:11 [main] INFO  org.hibernate.orm.connections.pooling - HHH10001012: Connecting with JDBC URL [jdbc:mysql://localhost:3306/contadorpro]
2024-06-19 19:05:11 [main] INFO  org.hibernate.orm.connections.pooling - HHH10001001: Connection properties: {password=****, user=root}
2024-06-19 19:05:11 [main] INFO  org.hibernate.orm.connections.pooling - HHH10001003: Autocommit mode: false
2024-06-19 19:05:11 [main] INFO  org.hibernate.orm.connections.pooling - HHH10001115: Connection pool size: 20 (min=1)
2024-06-19 19:05:12 [main] WARN  org.hibernate.dialect.Dialect - HHH000511: The 5.5.0 version for [org.hibernate.dialect.MySQLDialect] is no longer supported, hence certain features may not work properly. The minimum supported version is 5.7.0. Check the community dialects project for available legacy versions.
2024-06-19 19:05:12 [main] WARN  org.hibernate.orm.deprecation - HHH90000025: MySQLDialect does not need to be specified explicitly using 'hibernate.dialect' (remove the property setting and it will be selected by default)
2024-06-19 19:05:13 [main] INFO  org.hibernate.engine.transaction.jta.platform.internal.JtaPlatformInitiator - HHH000489: No JTA platform available (set 'hibernate.transaction.jta.platform' to enable JTA platform integration)
2024-06-19 19:05:13 [main] INFO  org.hibernate.orm.connections.pooling - HHH10001008: Cleaning up connection pool [jdbc:mysql://localhost:3306/contadorpro]
2024-06-19 19:05:48 [main] INFO  org.hibernate.jpa.internal.util.LogHelper - HHH000204: Processing PersistenceUnitInfo [name: contadorpro]
2024-06-19 19:05:48 [main] INFO  org.hibernate.Version - HHH000412: Hibernate ORM core version 6.3.1.Final
2024-06-19 19:05:48 [main] INFO  org.hibernate.cache.internal.RegionFactoryInitiator - HHH000026: Second-level cache disabled
2024-06-19 19:05:48 [main] WARN  org.hibernate.orm.connections.pooling - HHH10001002: Using built-in connection pool (not intended for production use)
2024-06-19 19:05:48 [main] INFO  org.hibernate.orm.connections.pooling - HHH10001005: Loaded JDBC driver class: com.mysql.cj.jdbc.Driver
2024-06-19 19:05:48 [main] INFO  org.hibernate.orm.connections.pooling - HHH10001012: Connecting with JDBC URL [jdbc:mysql://localhost:3306/contadorpro]
2024-06-19 19:05:48 [main] INFO  org.hibernate.orm.connections.pooling - HHH10001001: Connection properties: {password=****, user=root}
2024-06-19 19:05:48 [main] INFO  org.hibernate.orm.connections.pooling - HHH10001003: Autocommit mode: false
2024-06-19 19:05:48 [main] INFO  org.hibernate.orm.connections.pooling - HHH10001115: Connection pool size: 20 (min=1)
2024-06-19 19:05:48 [main] WARN  org.hibernate.dialect.Dialect - HHH000511: The 5.5.0 version for [org.hibernate.dialect.MySQLDialect] is no longer supported, hence certain features may not work properly. The minimum supported version is 5.7.0. Check the community dialects project for available legacy versions.
2024-06-19 19:05:48 [main] WARN  org.hibernate.orm.deprecation - HHH90000025: MySQLDialect does not need to be specified explicitly using 'hibernate.dialect' (remove the property setting and it will be selected by default)
2024-06-19 19:05:50 [main] INFO  org.hibernate.engine.transaction.jta.platform.internal.JtaPlatformInitiator - HHH000489: No JTA platform available (set 'hibernate.transaction.jta.platform' to enable JTA platform integration)
2024-06-19 19:05:50 [main] INFO  org.hibernate.orm.connections.pooling - HHH10001008: Cleaning up connection pool [jdbc:mysql://localhost:3306/contadorpro]
2024-06-19 19:06:16 [main] INFO  org.hibernate.jpa.internal.util.LogHelper - HHH000204: Processing PersistenceUnitInfo [name: contadorpro]
2024-06-19 19:06:16 [main] INFO  org.hibernate.Version - HHH000412: Hibernate ORM core version 6.3.1.Final
2024-06-19 19:06:16 [main] INFO  org.hibernate.cache.internal.RegionFactoryInitiator - HHH000026: Second-level cache disabled
2024-06-19 19:06:17 [main] WARN  org.hibernate.orm.connections.pooling - HHH10001002: Using built-in connection pool (not intended for production use)
2024-06-19 19:06:17 [main] INFO  org.hibernate.orm.connections.pooling - HHH10001005: Loaded JDBC driver class: com.mysql.cj.jdbc.Driver
2024-06-19 19:06:17 [main] INFO  org.hibernate.orm.connections.pooling - HHH10001012: Connecting with JDBC URL [jdbc:mysql://localhost:3306/contadorpro]
2024-06-19 19:06:17 [main] INFO  org.hibernate.orm.connections.pooling - HHH10001001: Connection properties: {password=****, user=root}
2024-06-19 19:06:17 [main] INFO  org.hibernate.orm.connections.pooling - HHH10001003: Autocommit mode: false
2024-06-19 19:06:17 [main] INFO  org.hibernate.orm.connections.pooling - HHH10001115: Connection pool size: 20 (min=1)
2024-06-19 19:06:17 [main] WARN  org.hibernate.dialect.Dialect - HHH000511: The 5.5.0 version for [org.hibernate.dialect.MySQLDialect] is no longer supported, hence certain features may not work properly. The minimum supported version is 5.7.0. Check the community dialects project for available legacy versions.
2024-06-19 19:06:17 [main] WARN  org.hibernate.orm.deprecation - HHH90000025: MySQLDialect does not need to be specified explicitly using 'hibernate.dialect' (remove the property setting and it will be selected by default)
2024-06-19 19:06:18 [main] INFO  org.hibernate.engine.transaction.jta.platform.internal.JtaPlatformInitiator - HHH000489: No JTA platform available (set 'hibernate.transaction.jta.platform' to enable JTA platform integration)
2024-06-19 19:06:19 [main] INFO  org.hibernate.orm.connections.pooling - HHH10001008: Cleaning up connection pool [jdbc:mysql://localhost:3306/contadorpro]
